<?xml version="1.0" encoding="UTF-8"?>
<testng-results skipped="0" failed="0" ignored="0" total="1" passed="1">
  <reporter-output>
  </reporter-output>
  <suite name="All Test Suite" duration-ms="15499" started-at="2019-03-05T10:31:03Z" finished-at="2019-03-05T10:31:19Z">
    <groups>
    </groups>
    <test name="C:/Users/IN-LT-69/intelliJDemo" duration-ms="15499" started-at="2019-03-05T10:31:03Z" finished-at="2019-03-05T10:31:19Z">
      <class name="com.howtodoinjava.HomePage">
        <test-method status="PASS" signature="init()[pri:0, instance:com.howtodoinjava.HomePage@7ec7ffd3]" name="init" is-config="true" duration-ms="13868" started-at="2019-03-05T10:31:03Z" finished-at="2019-03-05T10:31:17Z">
          <reporter-output>
          </reporter-output>
        </test-method> <!-- init -->
        <test-method status="PASS" signature="navigateToHomePage(java.lang.String, java.lang.String)[pri:0, instance:com.howtodoinjava.HomePage@7ec7ffd3]" name="navigateToHomePage" duration-ms="1052" started-at="2019-03-05T10:31:17Z" data-provider="getData" finished-at="2019-03-05T10:31:18Z">
          <params>
            <param index="0">
              <value>
                <![CDATA[admin]]>
              </value>
            </param>
            <param index="1">
              <value>
                <![CDATA[12345]]>
              </value>
            </param>
          </params>
          <reporter-output>
          </reporter-output>
        </test-method> <!-- navigateToHomePage -->
        <test-method status="PASS" signature="tearDown()[pri:0, instance:com.howtodoinjava.HomePage@7ec7ffd3]" name="tearDown" is-config="true" duration-ms="562" started-at="2019-03-05T10:31:18Z" finished-at="2019-03-05T10:31:19Z">
          <reporter-output>
          </reporter-output>
        </test-method> <!-- tearDown -->
      </class> <!-- com.howtodoinjava.HomePage -->
    </test> <!-- C:/Users/IN-LT-69/intelliJDemo -->
  </suite> <!-- All Test Suite -->
</testng-results>
